<?xml version="1.0" encoding="UTF-8"?>
<!-- Generated by org.testng.reporters.JUnitXMLReporter -->
<testsuite ignored="0" hostname="Justin-HP" failures="0" tests="3" name="Default test" time="91.089" errors="0" timestamp="11 sie 2022 06:35:53 GMT">
  <testcase classname="com.herokuapp.theinternet.ExceptionTest" name="notVisibleTest" time="6.871"/>
  <testcase classname="com.herokuapp.theinternet.ExceptionTest" name="timeoutTest" time="7.09"/>
  <testcase classname="com.herokuapp.theinternet.ExceptionTest" name="noSuchElementTest" time="66.72"/>
</testsuite> <!-- Default test -->
