<?xml version="1.0" encoding="UTF-8"?>
<!-- Generated by org.testng.reporters.JUnitXMLReporter -->
<testsuite ignored="4" hostname="Justin-HP" failures="0" tests="1" name="Exception Test" time="7.136" errors="0" timestamp="30 sie 2022 06:56:47 GMT">
  <testcase classname="com.herokuapp.theinternet.ExceptionTest" name="disabledElementTest" time="4.949"/>
  <testcase classname="com.herokuapp.theinternet.ExceptionTest" name="staleElementTest" time="0.0">
    <ignored/>
  </testcase> <!-- staleElementTest -->
  <testcase classname="com.herokuapp.theinternet.ExceptionTest" name="notVisibleTest" time="0.0">
    <ignored/>
  </testcase> <!-- notVisibleTest -->
  <testcase classname="com.herokuapp.theinternet.ExceptionTest" name="timeoutTest" time="0.0">
    <ignored/>
  </testcase> <!-- timeoutTest -->
  <testcase classname="com.herokuapp.theinternet.ExceptionTest" name="noSuchElementTest" time="0.0">
    <ignored/>
  </testcase> <!-- noSuchElementTest -->
</testsuite> <!-- Exception Test -->
