<?xml version="1.0" encoding="UTF-8"?>
<testsuite xmlns:xsi="http://www.w3.org/2001/XMLSchema-instance" xsi:noNamespaceSchemaLocation="https://maven.apache.org/surefire/maven-surefire-plugin/xsd/surefire-test-report-3.0.xsd" version="3.0" name="TestSuite" time="16.541" tests="2" errors="0" skipped="0" failures="0">
  <properties>
[...]
</properties>
  <testcase name="negativeLoginTest[incorectName, SuperSecretPassword!, Your username is invalid!](1)" classname="com.herokuapp.theinternet.NegativeTest" time="7.959">
    <system-out><![CDATA[[TestNGContentHandler] [WARN] It is strongly recommended to add "<!DOCTYPE suite SYSTEM "http://testng.org/testng-1.0.dtd" >" at the top of your file, otherwise TestNG may fail or not work as expected.
Starting negativeLoginTest withincorectNameandSuperSecretPassword!
Page is open
]]></system-out>
    <system-err><![CDATA[log4j:WARN No appenders could be found for logger (io.netty.util.internal.logging.InternalLoggerFactory).
log4j:WARN Please initialize the log4j system properly.
log4j:WARN See http://logging.apache.org/log4j/1.2/faq.html#noconfig for more info.
1656671596334	geckodriver	INFO	Listening on 127.0.0.1:64446
1656671596615	mozrunner::runner	INFO	Running command: "C:\\Program Files\\Mozilla Firefox\\firefox.exe" "--marionette" "--remote-debugging-port" "56350" "-no-remote" "-profile" "C:\\Users\\justy\\AppData\\Local\\Temp\\rust_mozprofileb6q5I5"
1656671597019	Marionette	INFO	Marionette enabled
WebDriver BiDi listening on ws://localhost:56350
console.warn: SearchSettings: "get: No settings file exists, new profile?" (new NotFoundError("Could not open the file at C:\\Users\\justy\\AppData\\Local\\Temp\\rust_mozprofileb6q5I5\\search.json.mozlz4", (void 0)))
1656671598746	Marionette	INFO	Listening on port 56961
DevTools listening on ws://localhost:56350/devtools/browser/710488a1-e199-4909-b571-871658d02c15
1656671598788	RemoteAgent	WARN	TLS certificate errors will be ignored for this session
lip 01, 2022 12:33:18 PM org.openqa.selenium.remote.ProtocolHandshake createSession
INFO: Detected dialect: W3C
console.warn: LoginRecipes: "getRecipes: falling back to a synchronous message for:" "https://the-internet.herokuapp.com"
console.warn: LoginRecipes: "getRecipes: falling back to a synchronous message for:" "https://the-internet.herokuapp.com"
JavaScript error: resource://gre/modules/LoginManagerParent.jsm, line 136: TypeError: gRecipeManager is null
1656671602994	Marionette	INFO	Stopped listening on port 56961
]]></system-err>
  </testcase>
  <testcase name="negativeLoginTest[tomsmith, IncorrectPassword, Your password is invalid!](1)" classname="com.herokuapp.theinternet.NegativeTest" time="7.675">
    <system-out><![CDATA[Starting negativeLoginTest withtomsmithandIncorrectPassword
Page is open
]]></system-out>
    <system-err><![CDATA[1656671603895	geckodriver	INFO	Listening on 127.0.0.1:50837
1656671603957	mozrunner::runner	INFO	Running command: "C:\\Program Files\\Mozilla Firefox\\firefox.exe" "--marionette" "--remote-debugging-port" "64528" "-no-remote" "-profile" "C:\\Users\\justy\\AppData\\Local\\Temp\\rust_mozprofile1wAlLT"
1656671604350	Marionette	INFO	Marionette enabled
WebDriver BiDi listening on ws://localhost:64528
console.warn: SearchSettings: "get: No settings file exists, new profile?" (new NotFoundError("Could not open the file at C:\\Users\\justy\\AppData\\Local\\Temp\\rust_mozprofile1wAlLT\\search.json.mozlz4", (void 0)))
1656671606242	Marionette	INFO	Listening on port 57023
DevTools listening on ws://localhost:64528/devtools/browser/bed7a0e1-1f5a-44cd-a1e4-d64f904bdfd5
1656671606638	RemoteAgent	WARN	TLS certificate errors will be ignored for this session
lip 01, 2022 12:33:26 PM org.openqa.selenium.remote.ProtocolHandshake createSession
INFO: Detected dialect: W3C
console.warn: LoginRecipes: "getRecipes: falling back to a synchronous message for:" "https://the-internet.herokuapp.com"
console.warn: LoginRecipes: "getRecipes: falling back to a synchronous message for:" "https://the-internet.herokuapp.com"
JavaScript error: resource://gre/modules/LoginManagerParent.jsm, line 136: TypeError: gRecipeManager is null
1656671610690	Marionette	INFO	Stopped listening on port 57023
]]></system-err>
  </testcase>
</testsuite>