<?xml version="1.0" encoding="UTF-8"?>
<!-- Generated by org.testng.reporters.JUnitXMLReporter -->
<testsuite ignored="1" hostname="Justin-HP" failures="0" tests="1" name="NegativeTests" time="10.022" errors="0" timestamp="20 cze 2022 06:47:15 GMT">
  <testcase classname="com.herokuapp.theinternet.NegativeTest" name="incorrectUsernameTest" time="9.998"/>
  <testcase classname="com.herokuapp.theinternet.NegativeTest" name="incorrectPasswordTest" time="0.0">
    <ignored/>
  </testcase> <!-- incorrectPasswordTest -->
</testsuite> <!-- NegativeTests -->
